Prüflinge parametrieren: PP:12 DEV:SEND=calc:adj1:send? 6307,sens:mmod ADJ\\\\\\\;\\\;;ack; 
Prüflinge parametrieren: PP:15 DEV:SEND=*cls\r*stb?;+0;
Prüflinge parametrieren: PP:20 DEV:SEND=conf:rng1:grouping 1\\\;\r*stb?;+0;
Prüflinge parametrieren: PP:21 DEV:SEND=conf:rng1:rngauto 0\\\;\r*stb?;+0;
Prüflinge parametrieren: PP:25 DEV:UB4=250V;
Prüflinge parametrieren: PP:26 DEV:UB=250V;IB=10A;TI=10sec;
Prüflinge parametrieren: PP:34 DEV:SEND=calc:adj1:init UL1,250V\\\;\r*stb?;+0; 
Prüflinge parametrieren: PP:35 DEV:SEND=calc:adj1:init UL2,250V\\\;\r*stb?;+0;
Prüflinge parametrieren: PP:36 DEV:SEND=calc:adj1:init UL3,250V\\\;\r*stb?;+0;
Prüflinge parametrieren: PP:37 DEV:SEND=calc:adj1:init UAUX,250V\\\;\r*stb?;+0;
Prüflinge parametrieren: PP:39 DEV:SEND=calc:adj1:offs UAUX,250V,0.0\\\;\r*stb?;+0; 
Prüflinge parametrieren: PP:40 DEV:SEND=calc:adj1:offs UL1,250V,0.0\\\;\r*stb?;+0;
Prüflinge parametrieren: PP:41 DEV:SEND=calc:adj1:offs UL2,250V,0.0\\\;\r*stb?;+0;
Prüflinge parametrieren: PP:42 DEV:SEND=calc:adj1:offs UL3,250V,0.0\\\;\r*stb?;+0;
Prüflinge parametrieren: PP:44 DEV:SEND=calc:adj1:comp 1\\\;\r*stb?;+0;
Prüflinge parametrieren: PP:46 DEV:SEND=calc:adj1:ostatus UL1,250V,128\\\;\r*stb?;+0; 
Prüflinge parametrieren: PP:47 DEV:SEND=calc:adj1:ostatus UL2,250V,128\\\;\r*stb?;+0;
Prüflinge parametrieren: PP:48 DEV:SEND=calc:adj1:ostatus UL3,250V,128\\\;\r*stb?;+0;
Prüflinge parametrieren: PP:49 DEV:SEND=calc:adj1:ostatus UAUX,250V,128\\\;\r*stb?;+0;
Prüflinge parametrieren: PP:54 DEV:UB4=8V;
Prüflinge parametrieren: PP:55 DEV:UB=8V;IB=10A;TI=10sec;
Prüflinge parametrieren: PP:63 DEV:SEND=calc:adj1:init UL1,8V\\\;\r*stb?;+0; 
Prüflinge parametrieren: PP:64 DEV:SEND=calc:adj1:init UL2,8V\\\;\r*stb?;+0;
Prüflinge parametrieren: PP:65 DEV:SEND=calc:adj1:init UL3,8V\\\;\r*stb?;+0;
Prüflinge parametrieren: PP:66 DEV:SEND=calc:adj1:init UAUX,8V\\\;\r*stb?;+0;
Prüflinge parametrieren: PP:68 DEV:SEND=calc:adj1:offs UAUX,8V,0.0\\\;\r*stb?;+0; 
Prüflinge parametrieren: PP:69 DEV:SEND=calc:adj1:offs UL1,8V,0.0\\\;\r*stb?;+0;
Prüflinge parametrieren: PP:70 DEV:SEND=calc:adj1:offs UL2,8V,0.0\\\;\r*stb?;+0;
Prüflinge parametrieren: PP:71 DEV:SEND=calc:adj1:offs UL3,8V,0.0\\\;\r*stb?;+0;
Prüflinge parametrieren: PP:73 DEV:SEND=calc:adj1:comp 1\\\;\r*stb?;+0;
Prüflinge parametrieren: PP:75 DEV:SEND=calc:adj1:ostatus UL1,8V,128\\\;\r*stb?;+0; 
Prüflinge parametrieren: PP:76 DEV:SEND=calc:adj1:ostatus UL2,8V,128\\\;\r*stb?;+0;
Prüflinge parametrieren: PP:77 DEV:SEND=calc:adj1:ostatus UL3,8V,128\\\;\r*stb?;+0;
Prüflinge parametrieren: PP:78 DEV:SEND=calc:adj1:ostatus UAUX,8V,128\\\;\r*stb?;+0;
Prüflinge parametrieren: PP:83 DEV:UB4=100mV;
Prüflinge parametrieren: PP:84 DEV:UB=100mV;IB=10A;TI=10sec;
Prüflinge parametrieren: PP:92 DEV:SEND=calc:adj1:init UL1,100mV\\\;\r*stb?;+0; 
Prüflinge parametrieren: PP:93 DEV:SEND=calc:adj1:init UL2,100mV\\\;\r*stb?;+0;
Prüflinge parametrieren: PP:94 DEV:SEND=calc:adj1:init UL3,100mV\\\;\r*stb?;+0;
Prüflinge parametrieren: PP:95 DEV:SEND=calc:adj1:init UAUX,100mV\\\;\r*stb?;+0;
Prüflinge parametrieren: PP:97 DEV:SEND=calc:adj1:offs UAUX,100mV,0.0\\\;\r*stb?;+0; 
Prüflinge parametrieren: PP:98 DEV:SEND=calc:adj1:offs UL1,100mV,0.0\\\;\r*stb?;+0;
Prüflinge parametrieren: PP:99 DEV:SEND=calc:adj1:offs UL2,100mV,0.0\\\;\r*stb?;+0;
Prüflinge parametrieren: PP:100 DEV:SEND=calc:adj1:offs UL3,100mV,0.0\\\;\r*stb?;+0;
Prüflinge parametrieren: PP:102 DEV:SEND=calc:adj1:comp 1\\\;\r*stb?;+0;
Prüflinge parametrieren: PP:104 DEV:SEND=calc:adj1:ostatus UL1,100mV,128\\\;\r*stb?;+0; 
Prüflinge parametrieren: PP:105 DEV:SEND=calc:adj1:ostatus UL2,100mV,128\\\;\r*stb?;+0;
Prüflinge parametrieren: PP:106 DEV:SEND=calc:adj1:ostatus UL3,100mV,128\\\;\r*stb?;+0;
Prüflinge parametrieren: PP:107 DEV:SEND=calc:adj1:ostatus UAUX,100mV,128\\\;\r*stb?;+0;
Prüflinge parametrieren: PP:113 DEV:UB4=250V;
Prüflinge parametrieren: PP:114 DEV:UB=250V;IB=10A;TI=10sec;WREF=U1;
Prüflinge parametrieren: PP:120 DEV:UB4=250V;
Prüflinge parametrieren: PP:121 DEV:IB4=8V;
Prüflinge parametrieren: PP:122 DEV:UB=250V;IB=8V;TI=10sec;
Prüflinge parametrieren: PP:130 DEV:SEND=calc:adj1:init IAUX,8V\\\;\r*stb?;+0;
Prüflinge parametrieren: PP:132 DEV:SEND=calc:adj1:offs IAUX,8V,0.0\\\;\r*stb?;+0; 
Prüflinge parametrieren: PP:134 DEV:SEND=calc:adj1:comp 1\\\;\r*stb?;+0;
Prüflinge parametrieren: PP:136 DEV:SEND=calc:adj1:ostatus IAUX,8V,128\\\;\r*stb?;+0; 
Prüflinge parametrieren: PP:142 DEV:UB4=250V;
Prüflinge parametrieren: PP:143 DEV:IB4=5V;
Prüflinge parametrieren: PP:144 DEV:UB=250V;IB=5V;TI=10sec;
Prüflinge parametrieren: PP:152 DEV:SEND=calc:adj1:init IAUX,5V\\\;\r*stb?;+0;
Prüflinge parametrieren: PP:154 DEV:SEND=calc:adj1:offs IAUX,5V,0.0\\\;\r*stb?;+0; 
Prüflinge parametrieren: PP:156 DEV:SEND=calc:adj1:comp 1\\\;\r*stb?;+0;
Prüflinge parametrieren: PP:158 DEV:SEND=calc:adj1:ostatus IAUX,5V,128\\\;\r*stb?;+0; 
Prüflinge parametrieren: PP:164 DEV:UB4=250V;
Prüflinge parametrieren: PP:165 DEV:IB4=2V;
Prüflinge parametrieren: PP:166 DEV:UB=250V;IB=2V;TI=10sec;
Prüflinge parametrieren: PP:174 DEV:SEND=calc:adj1:init IAUX,2V\\\;\r*stb?;+0;
Prüflinge parametrieren: PP:176 DEV:SEND=calc:adj1:offs IAUX,2V,0.0\\\;\r*stb?;+0; 
Prüflinge parametrieren: PP:178 DEV:SEND=calc:adj1:comp 1\\\;\r*stb?;+0;
Prüflinge parametrieren: PP:180 DEV:SEND=calc:adj1:ostatus IAUX,2V,128\\\;\r*stb?;+0; 
Prüflinge parametrieren: PP:186 DEV:UB4=250V;
Prüflinge parametrieren: PP:187 DEV:IB4=1V;
Prüflinge parametrieren: PP:188 DEV:UB=250V;IB=1V;TI=10sec;
Prüflinge parametrieren: PP:196 DEV:SEND=calc:adj1:init IAUX,1V\\\;\r*stb?;+0;
Prüflinge parametrieren: PP:198 DEV:SEND=calc:adj1:offs IAUX,1V,0.0\\\;\r*stb?;+0; 
Prüflinge parametrieren: PP:200 DEV:SEND=calc:adj1:comp 1\\\;\r*stb?;+0;
Prüflinge parametrieren: PP:202 DEV:SEND=calc:adj1:ostatus IAUX,1V,128\\\;\r*stb?;+0; 
Prüflinge parametrieren: PP:208 DEV:UB4=250V;
Prüflinge parametrieren: PP:209 DEV:IB4=500mV;
Prüflinge parametrieren: PP:210 DEV:UB=250V;IB=500mV;TI=10sec;
Prüflinge parametrieren: PP:218 DEV:SEND=calc:adj1:init IAUX,500mV\\\;\r*stb?;+0;
Prüflinge parametrieren: PP:220 DEV:SEND=calc:adj1:offs IAUX,500mV,0.0\\\;\r*stb?;+0; 
Prüflinge parametrieren: PP:222 DEV:SEND=calc:adj1:comp 1\\\;\r*stb?;+0;
Prüflinge parametrieren: PP:224 DEV:SEND=calc:adj1:ostatus IAUX,500mV,128\\\;\r*stb?;+0; 
Prüflinge parametrieren: PP:230 DEV:UB4=250V;
Prüflinge parametrieren: PP:231 DEV:IB4=200mV;
Prüflinge parametrieren: PP:232 DEV:UB=250V;IB=200mV;TI=10sec;
Prüflinge parametrieren: PP:240 DEV:SEND=calc:adj1:init IAUX,200mV\\\;\r*stb?;+0;
Prüflinge parametrieren: PP:242 DEV:SEND=calc:adj1:offs IAUX,200mV,0.0\\\;\r*stb?;+0; 
Prüflinge parametrieren: PP:244 DEV:SEND=calc:adj1:comp 1\\\;\r*stb?;+0;
Prüflinge parametrieren: PP:246 DEV:SEND=calc:adj1:ostatus IAUX,200mV,128\\\;\r*stb?;+0; 
Prüflinge parametrieren: PP:252 DEV:UB4=250V;
Prüflinge parametrieren: PP:253 DEV:IB4=100mV;
Prüflinge parametrieren: PP:254 DEV:UB=250V;IB=100mV;TI=10sec;
Prüflinge parametrieren: PP:262 DEV:SEND=calc:adj1:init IAUX,100mV\\\;\r*stb?;+0;
Prüflinge parametrieren: PP:264 DEV:SEND=calc:adj1:offs IAUX,100mV,0.0\\\;\r*stb?;+0; 
Prüflinge parametrieren: PP:266 DEV:SEND=calc:adj1:comp 1\\\;\r*stb?;+0;
Prüflinge parametrieren: PP:268 DEV:SEND=calc:adj1:ostatus IAUX,100mV,128\\\;\r*stb?;+0; 
Prüflinge parametrieren: PP:273 DEV:UB4=250V;
Prüflinge parametrieren: PP:274 DEV:IB4=50mV;
Prüflinge parametrieren: PP:275 DEV:UB=250V;IB=50mV;TI=10sec;
Prüflinge parametrieren: PP:283 DEV:SEND=calc:adj1:init IAUX,50mV\\\;\r*stb?;+0;
Prüflinge parametrieren: PP:285 DEV:SEND=calc:adj1:offs IAUX,50mV,0.0\\\;\r*stb?;+0; 
Prüflinge parametrieren: PP:287 DEV:SEND=calc:adj1:comp 1\\\;\r*stb?;+0;
Prüflinge parametrieren: PP:289 DEV:SEND=calc:adj1:ostatus IAUX,50mV,128\\\;\r*stb?;+0; 
Prüflinge parametrieren: PP:294 DEV:UB4=250V;
Prüflinge parametrieren: PP:295 DEV:IB4=20mV;
Prüflinge parametrieren: PP:296 DEV:UB=250V;IB=20mV;TI=10sec;
Prüflinge parametrieren: PP:304 DEV:SEND=calc:adj1:init IAUX,20mV\\\;\r*stb?;+0;
Prüflinge parametrieren: PP:306 DEV:SEND=calc:adj1:offs IAUX,20mV,0.0\\\;\r*stb?;+0; 
Prüflinge parametrieren: PP:308 DEV:SEND=calc:adj1:comp 1\\\;\r*stb?;+0;
Prüflinge parametrieren: PP:310 DEV:SEND=calc:adj1:ostatus IAUX,20mV,128\\\;\r*stb?;+0; 
Prüflinge parametrieren: PP:316 DEV:UB4=250V;
Prüflinge parametrieren: PP:317 DEV:IB4=10mV;
Prüflinge parametrieren: PP:318 DEV:UB=250V;IB=10mV;TI=10sec;
Prüflinge parametrieren: PP:326 DEV:SEND=calc:adj1:init IAUX,10mV\\\;\r*stb?;+0;
Prüflinge parametrieren: PP:328 DEV:SEND=calc:adj1:offs IAUX,10mV,0.0\\\;\r*stb?;+0; 
Prüflinge parametrieren: PP:330 DEV:SEND=calc:adj1:comp 1\\\;\r*stb?;+0;
Prüflinge parametrieren: PP:332 DEV:SEND=calc:adj1:ostatus IAUX,10mV,128\\\;\r*stb?;+0; 
Prüflinge parametrieren: PP:338 DEV:UB4=250V;
Prüflinge parametrieren: PP:339 DEV:IB4=5mV;
Prüflinge parametrieren: PP:340 DEV:UB=250V;IB=5mV;TI=10sec;
Prüflinge parametrieren: PP:348 DEV:SEND=calc:adj1:init IAUX,5mV\\\;\r*stb?;+0;
Prüflinge parametrieren: PP:350 DEV:SEND=calc:adj1:offs IAUX,5mV,0.0\\\;\r*stb?;+0; 
Prüflinge parametrieren: PP:352 DEV:SEND=calc:adj1:comp 1\\\;\r*stb?;+0;
Prüflinge parametrieren: PP:354 DEV:SEND=calc:adj1:ostatus IAUX,5mV,128\\\;\r*stb?;+0; 
Prüflinge parametrieren: PP:360 DEV:UB4=250V;
Prüflinge parametrieren: PP:361 DEV:IB4=2mV;
Prüflinge parametrieren: PP:362 DEV:UB=250V;IB=2mV;TI=10sec;
Prüflinge parametrieren: PP:370 DEV:SEND=calc:adj1:init IAUX,2mV\\\;\r*stb?;+0;
Prüflinge parametrieren: PP:372 DEV:SEND=calc:adj1:offs IAUX,2mV,0.0\\\;\r*stb?;+0; 
Prüflinge parametrieren: PP:374 DEV:SEND=calc:adj1:comp 1\\\;\r*stb?;+0;
Prüflinge parametrieren: PP:376 DEV:SEND=calc:adj1:ostatus IAUX,2mV,128\\\;\r*stb?;+0; 
Prüflinge parametrieren: PP:380 DEV:UB4=250V;
Prüflinge parametrieren: PP:381 DEV:IB4=8V;
Prüflinge parametrieren: PP:382 DEV:UB=250V;IB=10A;TI=10sec;WREF=U1;
Prüflinge parametrieren: PP:388 DEV:SEND=calc:adj1:stor 1\\\;\r*stb?;+0;
